[0.047s] Invoking command in '/home/mingruis/ros2_ws/src/um_knee_exo/build/um_knee_exo': CMAKE_PREFIX_PATH=/opt/ros/foxy /usr/bin/cmake /home/mingruis/ros2_ws/src/um_knee_exo/test_utils -DCMAKE_INSTALL_PREFIX=/home/mingruis/ros2_ws/src/um_knee_exo/install/um_knee_exo
[0.227s] -- The C compiler identification is GNU 9.4.0
[0.421s] -- The CXX compiler identification is GNU 9.4.0
[0.434s] -- Check for working C compiler: /usr/bin/cc
[0.608s] -- Check for working C compiler: /usr/bin/cc -- works
[0.618s] -- Detecting C compiler ABI info
[1.022s] -- Detecting C compiler ABI info - done
[1.071s] -- Detecting C compile features
[1.072s] -- Detecting C compile features - done
[1.079s] -- Check for working CXX compiler: /usr/bin/c++
[1.295s] -- Check for working CXX compiler: /usr/bin/c++ -- works
[1.297s] -- Detecting CXX compiler ABI info
[1.466s] -- Detecting CXX compiler ABI info - done
[1.483s] -- Detecting CXX compile features
[1.483s] -- Detecting CXX compile features - done
[1.488s] -- Found ament_cmake: 0.9.12 (/opt/ros/foxy/share/ament_cmake/cmake)
[1.537s] -- Found PythonInterp: /usr/bin/python3 (found suitable version "3.8.10", minimum required is "3") 
[1.538s] -- Using PYTHON_EXECUTABLE: /usr/bin/python3
[1.948s] -- Found rclcpp: 2.4.3 (/opt/ros/foxy/share/rclcpp/cmake)
[2.028s] -- Using all available rosidl_typesupport_c: rosidl_typesupport_fastrtps_c;rosidl_typesupport_introspection_c
[2.040s] -- Found rosidl_adapter: 1.3.1 (/opt/ros/foxy/share/rosidl_adapter/cmake)
[2.241s] -- Found OpenSSL: /usr/lib/aarch64-linux-gnu/libcrypto.so (found version "1.1.1f")  
[2.302s] -- Found FastRTPS: /opt/ros/foxy/include  
[2.455s] -- Using all available rosidl_typesupport_cpp: rosidl_typesupport_fastrtps_cpp;rosidl_typesupport_introspection_cpp
[2.559s] -- Found rmw_implementation_cmake: 1.0.4 (/opt/ros/foxy/share/rmw_implementation_cmake/cmake)
[2.564s] -- Using RMW implementation 'rmw_fastrtps_cpp' as default
[2.564s] -- Looking for pthread.h
[2.738s] -- Looking for pthread.h - found
[2.738s] -- Performing Test CMAKE_HAVE_LIBC_PTHREAD
[2.930s] -- Performing Test CMAKE_HAVE_LIBC_PTHREAD - Failed
[2.930s] -- Looking for pthread_create in pthreads
[3.091s] -- Looking for pthread_create in pthreads - not found
[3.092s] -- Looking for pthread_create in pthread
[3.299s] -- Looking for pthread_create in pthread - found
[3.303s] -- Found Threads: TRUE  
[3.655s] -- Found rclpy: 1.0.13 (/opt/ros/foxy/share/rclpy/cmake)
[3.742s] CMake Error at /opt/ros/foxy/share/ament_cmake_python/cmake/ament_python_install_package.cmake:46 (message):
[3.742s]   ament_python_install_package() the Python package folder
[3.743s]   '/home/mingruis/ros2_ws/src/um_knee_exo/test_utils/um_knee_exo' doesn't
[3.743s]   contain an '__init__.py' file
[3.743s] Call Stack (most recent call first):
[3.743s]   /opt/ros/foxy/share/ament_cmake_python/cmake/ament_python_install_package.cmake:28 (_ament_cmake_python_install_package)
[3.743s]   CMakeLists.txt:42 (ament_python_install_package)
[3.743s] 
[3.743s] 
[3.747s] -- Configuring incomplete, errors occurred!
[3.748s] See also "/home/mingruis/ros2_ws/src/um_knee_exo/build/um_knee_exo/CMakeFiles/CMakeOutput.log".
[3.748s] See also "/home/mingruis/ros2_ws/src/um_knee_exo/build/um_knee_exo/CMakeFiles/CMakeError.log".
[3.787s] Invoked command in '/home/mingruis/ros2_ws/src/um_knee_exo/build/um_knee_exo' returned '1': CMAKE_PREFIX_PATH=/opt/ros/foxy /usr/bin/cmake /home/mingruis/ros2_ws/src/um_knee_exo/test_utils -DCMAKE_INSTALL_PREFIX=/home/mingruis/ros2_ws/src/um_knee_exo/install/um_knee_exo
