[0.385s] DEBUG:colcon:Command line arguments: ['/usr/bin/colcon', 'build', '--packages-select', 'um_knee_exo']
[0.386s] DEBUG:colcon:Parsed command line arguments: Namespace(allow_overriding=[], ament_cmake_args=None, base_paths=['.'], build_base='build', catkin_cmake_args=None, catkin_skip_building_tests=False, cmake_args=None, cmake_clean_cache=False, cmake_clean_first=False, cmake_force_configure=False, cmake_target=None, cmake_target_skip_unavailable=False, continue_on_error=False, event_handlers=None, executor='parallel', ignore_user_meta=False, install_base='install', log_base=None, log_level=None, main=<bound method BuildVerb.main of <colcon_core.verb.build.BuildVerb object at 0xffff901e1400>>, merge_install=False, metas=['./colcon.meta'], packages_above=None, packages_above_and_dependencies=None, packages_above_depth=None, packages_end=None, packages_ignore=None, packages_ignore_regex=None, packages_select=['um_knee_exo'], packages_select_build_failed=False, packages_select_by_dep=None, packages_select_regex=None, packages_select_test_failures=False, packages_skip=None, packages_skip_build_finished=False, packages_skip_by_dep=None, packages_skip_regex=None, packages_skip_test_passed=False, packages_skip_up_to=None, packages_start=None, packages_up_to=None, packages_up_to_regex=None, parallel_workers=4, paths=None, symlink_install=False, test_result_base=None, verb_extension=<colcon_core.verb.build.BuildVerb object at 0xffff901e1400>, verb_name='build', verb_parser=<colcon_defaults.argument_parser.defaults.DefaultArgumentsDecorator object at 0xffff901e1910>)
[0.687s] Level 1:colcon.colcon_core.package_discovery:discover_packages(colcon_meta) check parameters
[0.687s] Level 1:colcon.colcon_core.package_discovery:discover_packages(recursive) check parameters
[0.688s] Level 1:colcon.colcon_core.package_discovery:discover_packages(ignore) check parameters
[0.688s] Level 1:colcon.colcon_core.package_discovery:discover_packages(path) check parameters
[0.688s] Level 1:colcon.colcon_core.package_discovery:discover_packages(colcon_meta) discover
[0.688s] Level 1:colcon.colcon_core.package_discovery:discover_packages(recursive) discover
[0.688s] INFO:colcon.colcon_core.package_discovery:Crawling recursively for packages in '/home/mingruis/ros2_ws/src/um_knee_exo'
[0.688s] Level 1:colcon.colcon_core.package_identification:_identify(.) by extensions ['ignore', 'ignore_ament_install']
[0.689s] Level 1:colcon.colcon_core.package_identification:_identify(.) by extension 'ignore'
[0.689s] Level 1:colcon.colcon_core.package_identification:_identify(.) by extension 'ignore_ament_install'
[0.689s] Level 1:colcon.colcon_core.package_identification:_identify(.) by extensions ['colcon_pkg']
[0.689s] Level 1:colcon.colcon_core.package_identification:_identify(.) by extension 'colcon_pkg'
[0.689s] Level 1:colcon.colcon_core.package_identification:_identify(.) by extensions ['colcon_meta']
[0.689s] Level 1:colcon.colcon_core.package_identification:_identify(.) by extension 'colcon_meta'
[0.689s] Level 1:colcon.colcon_core.package_identification:_identify(.) by extensions ['ros']
[0.690s] Level 1:colcon.colcon_core.package_identification:_identify(.) by extension 'ros'
[0.712s] Level 1:colcon.colcon_core.package_identification:_identify(.) by extensions ['cmake', 'python']
[0.713s] Level 1:colcon.colcon_core.package_identification:_identify(.) by extension 'cmake'
[0.713s] Level 1:colcon.colcon_core.package_identification:_identify(.) by extension 'python'
[0.713s] Level 1:colcon.colcon_core.package_identification:_identify(.) by extensions ['python_setup_py']
[0.713s] Level 1:colcon.colcon_core.package_identification:_identify(.) by extension 'python_setup_py'
[0.713s] Level 1:colcon.colcon_core.package_identification:_identify(build) by extensions ['ignore', 'ignore_ament_install']
[0.713s] Level 1:colcon.colcon_core.package_identification:_identify(build) by extension 'ignore'
[0.713s] Level 1:colcon.colcon_core.package_identification:_identify(build) ignored
[0.714s] Level 1:colcon.colcon_core.package_identification:_identify(exo_control) by extensions ['ignore', 'ignore_ament_install']
[0.714s] Level 1:colcon.colcon_core.package_identification:_identify(exo_control) by extension 'ignore'
[0.714s] Level 1:colcon.colcon_core.package_identification:_identify(exo_control) by extension 'ignore_ament_install'
[0.714s] Level 1:colcon.colcon_core.package_identification:_identify(exo_control) by extensions ['colcon_pkg']
[0.714s] Level 1:colcon.colcon_core.package_identification:_identify(exo_control) by extension 'colcon_pkg'
[0.714s] Level 1:colcon.colcon_core.package_identification:_identify(exo_control) by extensions ['colcon_meta']
[0.714s] Level 1:colcon.colcon_core.package_identification:_identify(exo_control) by extension 'colcon_meta'
[0.715s] Level 1:colcon.colcon_core.package_identification:_identify(exo_control) by extensions ['ros']
[0.715s] Level 1:colcon.colcon_core.package_identification:_identify(exo_control) by extension 'ros'
[0.715s] Level 1:colcon.colcon_core.package_identification:_identify(exo_control) by extensions ['cmake', 'python']
[0.715s] Level 1:colcon.colcon_core.package_identification:_identify(exo_control) by extension 'cmake'
[0.715s] Level 1:colcon.colcon_core.package_identification:_identify(exo_control) by extension 'python'
[0.715s] Level 1:colcon.colcon_core.package_identification:_identify(exo_control) by extensions ['python_setup_py']
[0.715s] Level 1:colcon.colcon_core.package_identification:_identify(exo_control) by extension 'python_setup_py'
[0.715s] Level 1:colcon.colcon_core.package_identification:_identify(include) by extensions ['ignore', 'ignore_ament_install']
[0.716s] Level 1:colcon.colcon_core.package_identification:_identify(include) by extension 'ignore'
[0.716s] Level 1:colcon.colcon_core.package_identification:_identify(include) by extension 'ignore_ament_install'
[0.716s] Level 1:colcon.colcon_core.package_identification:_identify(include) by extensions ['colcon_pkg']
[0.716s] Level 1:colcon.colcon_core.package_identification:_identify(include) by extension 'colcon_pkg'
[0.716s] Level 1:colcon.colcon_core.package_identification:_identify(include) by extensions ['colcon_meta']
[0.716s] Level 1:colcon.colcon_core.package_identification:_identify(include) by extension 'colcon_meta'
[0.716s] Level 1:colcon.colcon_core.package_identification:_identify(include) by extensions ['ros']
[0.716s] Level 1:colcon.colcon_core.package_identification:_identify(include) by extension 'ros'
[0.716s] Level 1:colcon.colcon_core.package_identification:_identify(include) by extensions ['cmake', 'python']
[0.716s] Level 1:colcon.colcon_core.package_identification:_identify(include) by extension 'cmake'
[0.716s] Level 1:colcon.colcon_core.package_identification:_identify(include) by extension 'python'
[0.717s] Level 1:colcon.colcon_core.package_identification:_identify(include) by extensions ['python_setup_py']
[0.717s] Level 1:colcon.colcon_core.package_identification:_identify(include) by extension 'python_setup_py'
[0.717s] Level 1:colcon.colcon_core.package_identification:_identify(include/um_knee_exo) by extensions ['ignore', 'ignore_ament_install']
[0.717s] Level 1:colcon.colcon_core.package_identification:_identify(include/um_knee_exo) by extension 'ignore'
[0.717s] Level 1:colcon.colcon_core.package_identification:_identify(include/um_knee_exo) by extension 'ignore_ament_install'
[0.717s] Level 1:colcon.colcon_core.package_identification:_identify(include/um_knee_exo) by extensions ['colcon_pkg']
[0.717s] Level 1:colcon.colcon_core.package_identification:_identify(include/um_knee_exo) by extension 'colcon_pkg'
[0.717s] Level 1:colcon.colcon_core.package_identification:_identify(include/um_knee_exo) by extensions ['colcon_meta']
[0.717s] Level 1:colcon.colcon_core.package_identification:_identify(include/um_knee_exo) by extension 'colcon_meta'
[0.718s] Level 1:colcon.colcon_core.package_identification:_identify(include/um_knee_exo) by extensions ['ros']
[0.718s] Level 1:colcon.colcon_core.package_identification:_identify(include/um_knee_exo) by extension 'ros'
[0.718s] Level 1:colcon.colcon_core.package_identification:_identify(include/um_knee_exo) by extensions ['cmake', 'python']
[0.718s] Level 1:colcon.colcon_core.package_identification:_identify(include/um_knee_exo) by extension 'cmake'
[0.718s] Level 1:colcon.colcon_core.package_identification:_identify(include/um_knee_exo) by extension 'python'
[0.718s] Level 1:colcon.colcon_core.package_identification:_identify(include/um_knee_exo) by extensions ['python_setup_py']
[0.718s] Level 1:colcon.colcon_core.package_identification:_identify(include/um_knee_exo) by extension 'python_setup_py'
[0.718s] Level 1:colcon.colcon_core.package_identification:_identify(install) by extensions ['ignore', 'ignore_ament_install']
[0.719s] Level 1:colcon.colcon_core.package_identification:_identify(install) by extension 'ignore'
[0.719s] Level 1:colcon.colcon_core.package_identification:_identify(install) ignored
[0.719s] Level 1:colcon.colcon_core.package_identification:_identify(log) by extensions ['ignore', 'ignore_ament_install']
[0.719s] Level 1:colcon.colcon_core.package_identification:_identify(log) by extension 'ignore'
[0.719s] Level 1:colcon.colcon_core.package_identification:_identify(log) ignored
[0.719s] Level 1:colcon.colcon_core.package_identification:_identify(scripts) by extensions ['ignore', 'ignore_ament_install']
[0.720s] Level 1:colcon.colcon_core.package_identification:_identify(scripts) by extension 'ignore'
[0.720s] Level 1:colcon.colcon_core.package_identification:_identify(scripts) by extension 'ignore_ament_install'
[0.720s] Level 1:colcon.colcon_core.package_identification:_identify(scripts) by extensions ['colcon_pkg']
[0.720s] Level 1:colcon.colcon_core.package_identification:_identify(scripts) by extension 'colcon_pkg'
[0.720s] Level 1:colcon.colcon_core.package_identification:_identify(scripts) by extensions ['colcon_meta']
[0.720s] Level 1:colcon.colcon_core.package_identification:_identify(scripts) by extension 'colcon_meta'
[0.720s] Level 1:colcon.colcon_core.package_identification:_identify(scripts) by extensions ['ros']
[0.720s] Level 1:colcon.colcon_core.package_identification:_identify(scripts) by extension 'ros'
[0.720s] Level 1:colcon.colcon_core.package_identification:_identify(scripts) by extensions ['cmake', 'python']
[0.720s] Level 1:colcon.colcon_core.package_identification:_identify(scripts) by extension 'cmake'
[0.720s] Level 1:colcon.colcon_core.package_identification:_identify(scripts) by extension 'python'
[0.721s] Level 1:colcon.colcon_core.package_identification:_identify(scripts) by extensions ['python_setup_py']
[0.721s] Level 1:colcon.colcon_core.package_identification:_identify(scripts) by extension 'python_setup_py'
[0.721s] Level 1:colcon.colcon_core.package_identification:_identify(test_utils) by extensions ['ignore', 'ignore_ament_install']
[0.721s] Level 1:colcon.colcon_core.package_identification:_identify(test_utils) by extension 'ignore'
[0.721s] Level 1:colcon.colcon_core.package_identification:_identify(test_utils) by extension 'ignore_ament_install'
[0.721s] Level 1:colcon.colcon_core.package_identification:_identify(test_utils) by extensions ['colcon_pkg']
[0.721s] Level 1:colcon.colcon_core.package_identification:_identify(test_utils) by extension 'colcon_pkg'
[0.721s] Level 1:colcon.colcon_core.package_identification:_identify(test_utils) by extensions ['colcon_meta']
[0.721s] Level 1:colcon.colcon_core.package_identification:_identify(test_utils) by extension 'colcon_meta'
[0.722s] Level 1:colcon.colcon_core.package_identification:_identify(test_utils) by extensions ['ros']
[0.722s] Level 1:colcon.colcon_core.package_identification:_identify(test_utils) by extension 'ros'
[0.728s] DEBUG:colcon.colcon_core.package_identification:Package 'test_utils' with type 'ros.ament_cmake' and name 'um_knee_exo'
[0.728s] Level 1:colcon.colcon_core.package_identification:_identify(um_knee_exo) by extensions ['ignore', 'ignore_ament_install']
[0.728s] Level 1:colcon.colcon_core.package_identification:_identify(um_knee_exo) by extension 'ignore'
[0.728s] Level 1:colcon.colcon_core.package_identification:_identify(um_knee_exo) by extension 'ignore_ament_install'
[0.728s] Level 1:colcon.colcon_core.package_identification:_identify(um_knee_exo) by extensions ['colcon_pkg']
[0.729s] Level 1:colcon.colcon_core.package_identification:_identify(um_knee_exo) by extension 'colcon_pkg'
[0.729s] Level 1:colcon.colcon_core.package_identification:_identify(um_knee_exo) by extensions ['colcon_meta']
[0.729s] Level 1:colcon.colcon_core.package_identification:_identify(um_knee_exo) by extension 'colcon_meta'
[0.729s] Level 1:colcon.colcon_core.package_identification:_identify(um_knee_exo) by extensions ['ros']
[0.729s] Level 1:colcon.colcon_core.package_identification:_identify(um_knee_exo) by extension 'ros'
[0.729s] Level 1:colcon.colcon_core.package_identification:_identify(um_knee_exo) by extensions ['cmake', 'python']
[0.729s] Level 1:colcon.colcon_core.package_identification:_identify(um_knee_exo) by extension 'cmake'
[0.729s] Level 1:colcon.colcon_core.package_identification:_identify(um_knee_exo) by extension 'python'
[0.729s] Level 1:colcon.colcon_core.package_identification:_identify(um_knee_exo) by extensions ['python_setup_py']
[0.729s] Level 1:colcon.colcon_core.package_identification:_identify(um_knee_exo) by extension 'python_setup_py'
[0.730s] Level 1:colcon.colcon_core.package_discovery:discover_packages(recursive) using defaults
[0.730s] Level 1:colcon.colcon_core.package_discovery:discover_packages(ignore) discover
[0.730s] Level 1:colcon.colcon_core.package_discovery:discover_packages(ignore) using defaults
[0.730s] Level 1:colcon.colcon_core.package_discovery:discover_packages(path) discover
[0.730s] Level 1:colcon.colcon_core.package_discovery:discover_packages(path) using defaults
[0.766s] Level 1:colcon.colcon_core.package_discovery:discover_packages(prefix_path) check parameters
[0.766s] Level 1:colcon.colcon_core.package_discovery:discover_packages(prefix_path) discover
[0.771s] DEBUG:colcon.colcon_installed_package_information.package_discovery:Found 256 installed packages in /opt/ros/foxy
[0.773s] Level 1:colcon.colcon_core.package_discovery:discover_packages(prefix_path) using defaults
[0.926s] Level 5:colcon.colcon_core.verb:set package 'um_knee_exo' build argument 'cmake_args' from command line to 'None'
[0.926s] Level 5:colcon.colcon_core.verb:set package 'um_knee_exo' build argument 'cmake_target' from command line to 'None'
[0.926s] Level 5:colcon.colcon_core.verb:set package 'um_knee_exo' build argument 'cmake_target_skip_unavailable' from command line to 'False'
[0.926s] Level 5:colcon.colcon_core.verb:set package 'um_knee_exo' build argument 'cmake_clean_cache' from command line to 'False'
[0.926s] Level 5:colcon.colcon_core.verb:set package 'um_knee_exo' build argument 'cmake_clean_first' from command line to 'False'
[0.926s] Level 5:colcon.colcon_core.verb:set package 'um_knee_exo' build argument 'cmake_force_configure' from command line to 'False'
[0.926s] Level 5:colcon.colcon_core.verb:set package 'um_knee_exo' build argument 'ament_cmake_args' from command line to 'None'
[0.926s] Level 5:colcon.colcon_core.verb:set package 'um_knee_exo' build argument 'catkin_cmake_args' from command line to 'None'
[0.927s] Level 5:colcon.colcon_core.verb:set package 'um_knee_exo' build argument 'catkin_skip_building_tests' from command line to 'False'
[0.927s] DEBUG:colcon.colcon_core.verb:Building package 'um_knee_exo' with the following arguments: {'ament_cmake_args': None, 'build_base': '/home/mingruis/ros2_ws/src/um_knee_exo/build/um_knee_exo', 'catkin_cmake_args': None, 'catkin_skip_building_tests': False, 'cmake_args': None, 'cmake_clean_cache': False, 'cmake_clean_first': False, 'cmake_force_configure': False, 'cmake_target': None, 'cmake_target_skip_unavailable': False, 'install_base': '/home/mingruis/ros2_ws/src/um_knee_exo/install/um_knee_exo', 'merge_install': False, 'path': '/home/mingruis/ros2_ws/src/um_knee_exo/test_utils', 'symlink_install': False, 'test_result_base': None}
[0.927s] INFO:colcon.colcon_core.executor:Executing jobs using 'parallel' executor
[0.930s] DEBUG:colcon.colcon_parallel_executor.executor.parallel:run_until_complete
[0.931s] INFO:colcon.colcon_ros.task.ament_cmake.build:Building ROS package in '/home/mingruis/ros2_ws/src/um_knee_exo/test_utils' with build type 'ament_cmake'
[0.931s] INFO:colcon.colcon_cmake.task.cmake.build:Building CMake package in '/home/mingruis/ros2_ws/src/um_knee_exo/test_utils'
[0.937s] INFO:colcon.colcon_core.plugin_system:Skipping extension 'colcon_core.shell.bat': Not used on non-Windows systems
[0.938s] INFO:colcon.colcon_core.shell:Skip shell extension 'powershell' for command environment: Not usable outside of PowerShell
[0.938s] DEBUG:colcon.colcon_core.shell:Skip shell extension 'dsv' for command environment
[0.980s] DEBUG:colcon.colcon_core.event_handler.log_command:Invoking command in '/home/mingruis/ros2_ws/src/um_knee_exo/build/um_knee_exo': CMAKE_PREFIX_PATH=/opt/ros/foxy /usr/bin/cmake /home/mingruis/ros2_ws/src/um_knee_exo/test_utils -DCMAKE_INSTALL_PREFIX=/home/mingruis/ros2_ws/src/um_knee_exo/install/um_knee_exo
[4.719s] DEBUG:colcon.colcon_core.event_handler.log_command:Invoked command in '/home/mingruis/ros2_ws/src/um_knee_exo/build/um_knee_exo' returned '1': CMAKE_PREFIX_PATH=/opt/ros/foxy /usr/bin/cmake /home/mingruis/ros2_ws/src/um_knee_exo/test_utils -DCMAKE_INSTALL_PREFIX=/home/mingruis/ros2_ws/src/um_knee_exo/install/um_knee_exo
[4.752s] Level 1:colcon.colcon_core.environment:create_environment_scripts_only(um_knee_exo)
[4.758s] Level 1:colcon.colcon_core.environment:checking '/home/mingruis/ros2_ws/src/um_knee_exo/install/um_knee_exo' for CMake module files
[4.758s] Level 1:colcon.colcon_core.environment:checking '/home/mingruis/ros2_ws/src/um_knee_exo/install/um_knee_exo' for CMake config files
[4.759s] Level 1:colcon.colcon_core.environment:checking '/home/mingruis/ros2_ws/src/um_knee_exo/install/um_knee_exo/bin'
[4.760s] Level 1:colcon.colcon_core.environment:checking '/home/mingruis/ros2_ws/src/um_knee_exo/install/um_knee_exo/lib/pkgconfig/um_knee_exo.pc'
[4.760s] Level 1:colcon.colcon_core.environment:checking '/home/mingruis/ros2_ws/src/um_knee_exo/install/um_knee_exo/lib/python3.8/site-packages'
[4.760s] Level 1:colcon.colcon_core.environment:checking '/home/mingruis/ros2_ws/src/um_knee_exo/install/um_knee_exo/bin'
[4.761s] INFO:colcon.colcon_core.shell:Creating package script '/home/mingruis/ros2_ws/src/um_knee_exo/install/um_knee_exo/share/um_knee_exo/package.ps1'
[4.763s] INFO:colcon.colcon_core.shell:Creating package descriptor '/home/mingruis/ros2_ws/src/um_knee_exo/install/um_knee_exo/share/um_knee_exo/package.dsv'
[4.764s] INFO:colcon.colcon_core.shell:Creating package script '/home/mingruis/ros2_ws/src/um_knee_exo/install/um_knee_exo/share/um_knee_exo/package.sh'
[4.765s] INFO:colcon.colcon_core.shell:Creating package script '/home/mingruis/ros2_ws/src/um_knee_exo/install/um_knee_exo/share/um_knee_exo/package.bash'
[4.767s] INFO:colcon.colcon_core.shell:Creating package script '/home/mingruis/ros2_ws/src/um_knee_exo/install/um_knee_exo/share/um_knee_exo/package.zsh'
[4.768s] Level 1:colcon.colcon_core.environment:create_file_with_runtime_dependencies(/home/mingruis/ros2_ws/src/um_knee_exo/install/um_knee_exo/share/colcon-core/packages/um_knee_exo)
[4.779s] DEBUG:colcon.colcon_parallel_executor.executor.parallel:closing loop
[4.780s] DEBUG:colcon.colcon_parallel_executor.executor.parallel:loop closed
[4.780s] DEBUG:colcon.colcon_parallel_executor.executor.parallel:run_until_complete finished with '1'
[4.781s] DEBUG:colcon.colcon_core.event_reactor:joining thread
[4.797s] INFO:colcon.colcon_core.plugin_system:Skipping extension 'colcon_notification.desktop_notification.terminal_notifier': Not used on non-Darwin systems
[4.797s] INFO:colcon.colcon_core.plugin_system:Skipping extension 'colcon_notification.desktop_notification.win32': Not used on non-Windows systems
[4.797s] INFO:colcon.colcon_notification.desktop_notification:Sending desktop notification using 'notify2'
[4.872s] DEBUG:colcon.colcon_core.event_reactor:joined thread
[4.873s] INFO:colcon.colcon_core.shell:Creating prefix script '/home/mingruis/ros2_ws/src/um_knee_exo/install/local_setup.ps1'
[4.876s] INFO:colcon.colcon_core.shell:Creating prefix util module '/home/mingruis/ros2_ws/src/um_knee_exo/install/_local_setup_util_ps1.py'
[4.887s] INFO:colcon.colcon_core.shell:Creating prefix chain script '/home/mingruis/ros2_ws/src/um_knee_exo/install/setup.ps1'
[4.890s] INFO:colcon.colcon_core.shell:Creating prefix script '/home/mingruis/ros2_ws/src/um_knee_exo/install/local_setup.sh'
[4.891s] INFO:colcon.colcon_core.shell:Creating prefix util module '/home/mingruis/ros2_ws/src/um_knee_exo/install/_local_setup_util_sh.py'
[4.901s] INFO:colcon.colcon_core.shell:Creating prefix chain script '/home/mingruis/ros2_ws/src/um_knee_exo/install/setup.sh'
[4.904s] INFO:colcon.colcon_core.shell:Creating prefix script '/home/mingruis/ros2_ws/src/um_knee_exo/install/local_setup.bash'
[4.905s] INFO:colcon.colcon_core.shell:Creating prefix chain script '/home/mingruis/ros2_ws/src/um_knee_exo/install/setup.bash'
[4.910s] INFO:colcon.colcon_core.shell:Creating prefix script '/home/mingruis/ros2_ws/src/um_knee_exo/install/local_setup.zsh'
[4.911s] INFO:colcon.colcon_core.shell:Creating prefix chain script '/home/mingruis/ros2_ws/src/um_knee_exo/install/setup.zsh'
